<?xml version="1.0" encoding="UTF-8"?>
<!-- Generated by org.testng.reporters.JUnitReportReporter -->
<testsuite hostname="DESKTOP-9RC19GL" failures="0" tests="2" name="com.cb.qa.testcases.DashboardPageTest" time="29.428" errors="0" timestamp="2022-06-14T21:02:49 IST" skipped="0">
  <testcase classname="com.cb.qa.testcases.DashboardPageTest" name="selectCompanyNameTest" time="18.094"/>
  <system-out/>
  <testcase classname="com.cb.qa.testcases.DashboardPageTest" name="visitStaffPageTest" time="11.334"/>
  <system-out/>
</testsuite> <!-- com.cb.qa.testcases.DashboardPageTest -->
