<?xml version="1.0" encoding="UTF-8"?>
<!-- Generated by org.testng.reporters.JUnitReportReporter -->
<testsuite hostname="DESKTOP-9RC19GL" failures="0" tests="1" name="com.cb.qa.testcases.LoginpageTest" time="14.568" errors="0" timestamp="2022-06-12T21:23:58 IST" skipped="0">
  <testcase classname="com.cb.qa.testcases.LoginpageTest" name="loginTest" time="14.568"/>
  <system-out/>
</testsuite> <!-- com.cb.qa.testcases.LoginpageTest -->
