<?xml version="1.0" encoding="UTF-8"?>
<!-- Generated by org.testng.reporters.JUnitReportReporter -->
<testsuite hostname="DESKTOP-9RC19GL" failures="0" tests="1" name="com.cb.qa.testcases.DashboardPageTest" time="19.469" errors="0" timestamp="2022-06-12T22:06:45 IST" skipped="0">
  <testcase classname="com.cb.qa.testcases.DashboardPageTest" name="selectCompanyNameTest" time="19.469"/>
  <system-out/>
</testsuite> <!-- com.cb.qa.testcases.DashboardPageTest -->
